<?xml version="1.0" encoding="UTF-8"?>
<!-- Generated by org.testng.reporters.JUnitReportReporter -->
<testsuite hostname="DESKTOP-PKBVHAB" failures="0" tests="33" name="Runner.TestRunner" time="181.381" errors="0" timestamp="2025-03-21T14:39:05 IST" skipped="0">
  <testcase classname="Runner.TestRunner" name="runScenario" time="2.217"/>
  <testcase classname="Runner.TestRunner" name="runScenario" time="2.852"/>
  <testcase classname="Runner.TestRunner" name="runScenario" time="2.917"/>
  <testcase classname="Runner.TestRunner" name="runScenario" time="3.409"/>
  <testcase classname="Runner.TestRunner" name="runScenario" time="2.152"/>
  <testcase classname="Runner.TestRunner" name="runScenario" time="3.392"/>
  <testcase classname="Runner.TestRunner" name="runScenario" time="1.994"/>
  <testcase classname="Runner.TestRunner" name="runScenario" time="2.328"/>
  <testcase classname="Runner.TestRunner" name="runScenario" time="2.399"/>
  <testcase classname="Runner.TestRunner" name="runScenario" time="2.186"/>
  <testcase classname="Runner.TestRunner" name="runScenario" time="6.191"/>
  <testcase classname="Runner.TestRunner" name="runScenario" time="2.470"/>
  <testcase classname="Runner.TestRunner" name="runScenario" time="2.225"/>
  <testcase classname="Runner.TestRunner" name="runScenario" time="2.061"/>
  <testcase classname="Runner.TestRunner" name="runScenario" time="5.005"/>
  <testcase classname="Runner.TestRunner" name="runScenario" time="2.478"/>
  <testcase classname="Runner.TestRunner" name="runScenario" time="2.912"/>
  <testcase classname="Runner.TestRunner" name="runScenario" time="58.035"/>
  <testcase classname="Runner.TestRunner" name="runScenario" time="5.552"/>
  <testcase classname="Runner.TestRunner" name="runScenario" time="2.219"/>
  <testcase classname="Runner.TestRunner" name="runScenario" time="6.966"/>
  <testcase classname="Runner.TestRunner" name="runScenario" time="8.257"/>
  <testcase classname="Runner.TestRunner" name="runScenario" time="2.610"/>
  <testcase classname="Runner.TestRunner" name="runScenario" time="2.400"/>
  <testcase classname="Runner.TestRunner" name="runScenario" time="4.537"/>
  <testcase classname="Runner.TestRunner" name="runScenario" time="18.983"/>
  <testcase classname="Runner.TestRunner" name="runScenario" time="2.630"/>
  <testcase classname="Runner.TestRunner" name="runScenario" time="2.417"/>
  <testcase classname="Runner.TestRunner" name="runScenario" time="3.437"/>
  <testcase classname="Runner.TestRunner" name="runScenario" time="2.558"/>
  <testcase classname="Runner.TestRunner" name="runScenario" time="2.276"/>
  <testcase classname="Runner.TestRunner" name="runScenario" time="6.370"/>
  <testcase classname="Runner.TestRunner" name="runScenario" time="2.946"/>
</testsuite> <!-- Runner.TestRunner -->
